<?xml version="1.0" encoding="UTF-8"?>
<testng-results skipped="0" failed="0" ignored="0" total="1" passed="1">
  <reporter-output>
  </reporter-output>
  <suite name="Suite" duration-ms="61" started-at="2018-04-01T12:49:35Z" finished-at="2018-04-01T12:49:35Z">
    <groups>
    </groups>
    <test name="Test" duration-ms="61" started-at="2018-04-01T12:49:35Z" finished-at="2018-04-01T12:49:35Z">
      <class name="com.learn.ci.maven.FirstMavemproj">
        <test-method status="PASS" signature="testhello()[pri:0, instance:com.learn.ci.maven.FirstMavemproj@100fc185]" name="testhello" duration-ms="15" started-at="2018-04-01T12:49:35Z" finished-at="2018-04-01T12:49:35Z">
          <reporter-output>
          </reporter-output>
        </test-method> <!-- testhello -->
      </class> <!-- com.learn.ci.maven.FirstMavemproj -->
    </test> <!-- Test -->
  </suite> <!-- Suite -->
</testng-results>
